<?xml version="1.0" encoding="UTF-8"?>
<!-- Generated by org.testng.reporters.JUnitReportReporter -->
<testsuite skipped="1" hostname="Rajendra-Lenovo" name="BankingApp.OpenBankAccount" tests="1" failures="0" timestamp="28 Aug 2018 18:30:56 GMT" time="0.000" errors="0">
  <testcase name="openAccount" time="0.000" classname="BankingApp.OpenBankAccount">
    <skipped/>
  </testcase> <!-- openAccount -->
</testsuite> <!-- BankingApp.OpenBankAccount -->
