<?xml version="1.0" encoding="UTF-8"?>
<!-- Generated by org.testng.reporters.JUnitReportReporter -->
<testsuite hostname="rajendra-PC"
	name="seleniumBasic.ExcelParameterizationDemo" tests="2" failures="0"
	timestamp="12 Sep 2017 12:42:59 GMT" time="18.799" errors="0">
	<testcase name="parameterExcel" time="8.454"
		classname="seleniumBasic.ExcelParameterizationDemo" />
	<testcase name="parameterExcel" time="10.345"
		classname="seleniumBasic.ExcelParameterizationDemo" />
</testsuite> <!-- seleniumBasic.ExcelParameterizationDemo -->
