<?xml version="1.0" encoding="UTF-8"?>
<!-- Generated by org.testng.reporters.JUnitReportReporter -->
<testsuite skipped="0" hostname="Rajendra-Lenovo"
	name="com.Testng.Programs.DataProvider1" tests="2" failures="0"
	timestamp="24 Aug 2018 19:07:46 GMT" time="0.000" errors="0">
	<testcase name="testFormFill" time="0.000"
		classname="com.Testng.Programs.DataProvider1" />
	<testcase name="testFormFill" time="0.000"
		classname="com.Testng.Programs.DataProvider1" />
</testsuite> <!-- com.Testng.Programs.DataProvider1 -->
