<?xml version="1.0" encoding="UTF-8"?>
<!-- Generated by org.testng.reporters.JUnitReportReporter -->
<testsuite skipped="0" hostname="Rajendra-Lenovo"
	name="com.Testng.Programs.TestNG_Parameterization_DataProvider"
	tests="2" failures="0" timestamp="26 Aug 2018 01:10:20 GMT"
	time="0.009" errors="0">
	<testcase name="testFormFill" time="0.008"
		classname="com.Testng.Programs.TestNG_Parameterization_DataProvider" />
	<testcase name="testFormFill" time="0.001"
		classname="com.Testng.Programs.TestNG_Parameterization_DataProvider" />
</testsuite> <!-- com.Testng.Programs.TestNG_Parameterization_DataProvider -->
