<?xml version="1.0" encoding="UTF-8"?>
<!-- Generated by org.testng.reporters.JUnitReportReporter -->
<testsuite skipped="0" hostname="Rajendra-Lenovo"
	name="com.Testng.Programs.TestNGParameterizationDataProvider" tests="2"
	failures="0" timestamp="26 Aug 2018 01:12:38 GMT" time="0.010"
	errors="0">
	<testcase name="testFormFill" time="0.010"
		classname="com.Testng.Programs.TestNGParameterizationDataProvider" />
	<testcase name="testFormFill" time="0.000"
		classname="com.Testng.Programs.TestNGParameterizationDataProvider" />
</testsuite> <!-- com.Testng.Programs.TestNGParameterizationDataProvider -->
