<?xml version="1.0" encoding="UTF-8"?>
<!-- Generated by org.testng.reporters.JUnitReportReporter -->
<testsuite skipped="0" hostname="Rajendra-Lenovo" name="BankingApp.OpenBankAccount" tests="1" failures="0" timestamp="17 Aug 2018 23:21:01 GMT" time="13.441" errors="0">
  <testcase name="openAccount" time="13.441" classname="BankingApp.OpenBankAccount"/>
</testsuite> <!-- BankingApp.OpenBankAccount -->
