<?xml version="1.0" encoding="UTF-8"?>
<!-- Generated by org.testng.reporters.JUnitReportReporter -->
<testsuite hostname="Rajendra-Lenovo" failures="0" tests="1" name="seleniumBasic.ContextMenu" time="30.110" errors="0" timestamp="1 Nov 2017 10:52:04 GMT">
  <testcase classname="seleniumBasic.ContextMenu" name="contextMenuDemo" time="30.110"/>
</testsuite> <!-- seleniumBasic.ContextMenu -->
