<?xml version="1.0" encoding="UTF-8"?>
<!-- Generated by org.testng.reporters.JUnitReportReporter -->
<testsuite hostname="rajendra-PC" name="sikuli.DownloadFileBrowser" tests="1" failures="0" timestamp="28 Sep 2017 10:20:02 GMT" time="103.854" errors="0">
  <testcase name="downloadFile" time="103.854" classname="sikuli.DownloadFileBrowser"/>
</testsuite> <!-- sikuli.DownloadFileBrowser -->
