<?xml version="1.0" encoding="UTF-8"?>
<!-- Generated by org.testng.reporters.JUnitReportReporter -->
<testsuite skipped="0" hostname="Rajendra-Lenovo" name="sikuli.DownloadFileBrowser" tests="1" failures="0" timestamp="05 Dec 2018 17:35:20 GMT" time="40.326" errors="0">
  <testcase name="downloadFile" time="40.326" classname="sikuli.DownloadFileBrowser"/>
</testsuite> <!-- sikuli.DownloadFileBrowser -->
