<?xml version="1.0" encoding="UTF-8"?>
<!-- Generated by org.testng.reporters.JUnitReportReporter -->
<testsuite hostname="rajendra-PC" name="sikuli.UploadFile2"
	tests="1" failures="0" timestamp="29 Sep 2017 06:19:20 GMT"
	time="53.281" errors="0">
	<testcase name="downloadFile" time="53.281"
		classname="sikuli.UploadFile2" />
</testsuite> <!-- sikuli.UploadFile2 -->
