<?xml version="1.0" encoding="UTF-8"?>
<!-- Generated by org.testng.reporters.JUnitReportReporter -->
<testsuite skipped="0" hostname="Rajendra-Lenovo" name="BankingApp.AddCustomerDetails" tests="1" failures="0" timestamp="17 Aug 2018 23:21:01 GMT" time="15.568" errors="0">
  <testcase name="addCustomer" time="15.568" classname="BankingApp.AddCustomerDetails"/>
</testsuite> <!-- BankingApp.AddCustomerDetails -->
