<?xml version="1.0" encoding="UTF-8"?>
<!-- Generated by org.testng.reporters.JUnitReportReporter -->
<testsuite hostname="rajendra-PC"
	name="sikuli.UploadFilesBrowser" tests="1" failures="0"
	timestamp="28 Sep 2017 11:52:31 GMT" time="68.502" errors="0">
	<testcase name="downloadFile" time="68.502"
		classname="sikuli.UploadFilesBrowser" />
</testsuite> <!-- sikuli.UploadFilesBrowser -->
