<?xml version="1.0" encoding="UTF-8"?>
<!-- Generated by org.testng.reporters.JUnitReportReporter -->
<testsuite hostname="Rajendra-Lenovo" failures="0" tests="1" name="BankingApp.AddCustomerDetails" time="0.000" errors="0" timestamp="17 Aug 2018 18:57:10 GMT" skipped="1">
  <testcase classname="BankingApp.AddCustomerDetails" name="addCustomer" time="0.000">
    <skipped/>
  </testcase> <!-- addCustomer -->
</testsuite> <!-- BankingApp.AddCustomerDetails -->
