<?xml version="1.0" encoding="UTF-8"?>
<!-- Generated by org.testng.reporters.JUnitReportReporter -->
<testsuite skipped="0" hostname="Rajendra-Lenovo" name="sikuli.UploadFileToBrowser2" tests="1" failures="0" timestamp="05 Dec 2018 18:09:40 GMT" time="46.531" errors="0">
  <testcase name="downloadFile" time="46.531" classname="sikuli.UploadFileToBrowser2"/>
</testsuite> <!-- sikuli.UploadFileToBrowser2 -->
