<?xml version="1.0" encoding="UTF-8"?>
<!-- Generated by org.testng.reporters.JUnitReportReporter -->
<testsuite skipped="0" hostname="rajendra-PC"
	name="seleniumBasic.ExcelDemo" tests="1" failures="0"
	timestamp="31 Aug 2017 08:42:09 GMT" time="1.636" errors="0">
	<testcase name="excelFirstProgram" time="1.636"
		classname="seleniumBasic.ExcelDemo" />
</testsuite> <!-- seleniumBasic.ExcelDemo -->
