<?xml version="1.0" encoding="UTF-8"?>
<!-- Generated by org.testng.reporters.JUnitReportReporter -->
<testsuite skipped="0" hostname="Rajendra-Lenovo"
	name="com.Testng.Programs.TestNGParameterizationExcel" tests="2"
	failures="0" timestamp="28 Aug 2018 17:42:55 GMT" time="0.012"
	errors="0">
	<testcase name="testFormFill" time="0.009"
		classname="com.Testng.Programs.TestNGParameterizationExcel" />
	<testcase name="testFormFill" time="0.003"
		classname="com.Testng.Programs.TestNGParameterizationExcel" />
</testsuite> <!-- com.Testng.Programs.TestNGParameterizationExcel -->
