<?xml version="1.0" encoding="UTF-8"?>
<!-- Generated by org.testng.reporters.JUnitReportReporter -->
<testsuite hostname="Rajendra-Lenovo" failures="0" tests="1" name="BankingApp.BankManagerLoginTest" time="0.000" errors="0" timestamp="17 Aug 2018 18:57:10 GMT" skipped="1">
  <testcase classname="BankingApp.BankManagerLoginTest" name="loginAsBankManager" time="0.000">
    <skipped/>
  </testcase> <!-- loginAsBankManager -->
</testsuite> <!-- BankingApp.BankManagerLoginTest -->
