<?xml version="1.0" encoding="UTF-8"?>
<!-- Generated by org.testng.reporters.JUnitReportReporter -->
<testsuite hostname="Rajendra-Lenovo" failures="0" tests="2" name="com.Testng.Programs.FirstTestNG" time="0.013" errors="0" timestamp="15 Aug 2018 00:37:03 GMT" skipped="0">
  <testcase classname="com.Testng.Programs.FirstTestNG" name="clickLink" time="0.007"/>
  <testcase classname="com.Testng.Programs.FirstTestNG" name="Login" time="0.006"/>
</testsuite> <!-- com.Testng.Programs.FirstTestNG -->
