<?xml version="1.0" encoding="UTF-8"?>
<!-- Generated by org.testng.reporters.JUnitReportReporter -->
<testsuite hostname="rajendra-PC" name="seleniumBasic.PasswordEncryption" tests="1" failures="0" timestamp="27 Sep 2017 08:52:12 GMT" time="53.998" errors="0">
  <testcase name="passwordEncode" time="53.998" classname="seleniumBasic.PasswordEncryption"/>
</testsuite> <!-- seleniumBasic.PasswordEncryption -->
