<?xml version="1.0" encoding="UTF-8"?>
<!-- Generated by org.testng.reporters.JUnitReportReporter -->
<testsuite skipped="1" hostname="Rajendra-Lenovo" name="com.Testng.Programs.FirstTestNG" tests="2" failures="0" timestamp="24 Aug 2018 19:07:46 GMT" time="0.015" errors="0">
  <testcase name="clickLink" time="0.015" classname="com.Testng.Programs.FirstTestNG"/>
  <testcase name="Login" time="0.000" classname="com.Testng.Programs.FirstTestNG">
    <skipped/>
  </testcase> <!-- Login -->
</testsuite> <!-- com.Testng.Programs.FirstTestNG -->
