<?xml version="1.0" encoding="UTF-8"?>
<!-- Generated by org.testng.reporters.JUnitReportReporter -->
<testsuite hostname="rajendra-PC" name="BankingApp.OpenBankAccount" tests="1" failures="0" timestamp="14 Sep 2017 06:45:17 GMT" time="13.791" errors="0">
  <testcase name="openAccount" time="13.791" classname="BankingApp.OpenBankAccount"/>
</testsuite> <!-- BankingApp.OpenBankAccount -->
